1 0.000174 0.000000 0 0 
3 0.000457 3.000000 3 3 
5 0.000012 6.000000 6 8 
7 0.000016 13.000000 12 14 
9 0.000022 19.000000 18 21 
11 0.000025 27.000000 25 29 
13 0.000034 33.000000 30 35 
15 0.000042 41.000000 41 43 
17 0.000041 50.000000 47 52 
19 0.000045 60.000000 57 62 
1 0.000173 0.000000 0 0 
3 0.000454 2.000000 2 3 
5 0.000013 6.000000 6 7 
7 0.000016 11.000000 10 13 
9 0.000021 18.000000 16 19 
11 0.000026 26.000000 25 27 
13 0.000033 34.000000 31 36 
15 0.000034 42.000000 41 44 
17 0.000039 49.000000 48 52 
19 0.000045 58.000000 56 63 
1 0.000000 0.000000 0 0 
11 0.000002 25.000000 24 27 
21 0.000002 69.000000 66 72 
31 0.000004 118.000000 117 120 
41 0.000005 172.000000 169 176 
51 0.000007 228.000000 226 231 
61 0.000009 287.000000 281 294 
71 0.000010 347.000000 338 352 
81 0.000012 411.000000 403 421 
91 0.000013 477.000000 470 483 
101 0.000015 551.000000 542 560 
111 0.000016 613.000000 608 621 
121 0.000018 680.000000 673 686 
131 0.000019 751.000000 740 759 
141 0.000021 833.000000 827 840 
151 0.000023 910.000000 906 916 
161 0.000024 980.000000 975 987 
171 0.000026 1060.000000 1049 1068 
181 0.000028 1130.000000 1125 1136 
191 0.000028 1214.000000 1204 1219 
201 0.000027 1286.000000 1279 1293 
211 0.000028 1374.000000 1369 1381 
221 0.000036 1444.000000 1432 1455 
231 0.000032 1526.000000 1514 1532 
241 0.000033 1611.000000 1593 1623 
251 0.000034 1682.000000 1675 1690 
261 0.000036 1776.000000 1766 1788 
271 0.000037 1855.000000 1840 1869 
281 0.000039 1933.000000 1924 1941 
291 0.000040 2026.000000 2009 2048 
301 0.000042 2109.000000 2102 2119 
311 0.000048 2186.000000 2171 2207 
321 0.000045 2280.000000 2260 2292 
331 0.000046 2365.000000 2350 2377 
341 0.000048 2445.000000 2438 2457 
351 0.000049 2544.000000 2531 2555 
361 0.000051 2617.000000 2608 2630 
371 0.000053 2704.000000 2681 2716 
381 0.000055 2796.000000 2779 2803 
391 0.000055 2892.000000 2883 2905 
401 0.000058 2974.000000 2952 2987 
411 0.000059 3061.000000 3027 3074 
421 0.000060 3136.000000 3121 3167 
431 0.000062 3234.000000 3219 3249 
441 0.000065 3331.000000 3321 3342 
451 0.000064 3418.000000 3408 3427 
461 0.000067 3508.000000 3498 3520 
471 0.000068 3596.000000 3590 3605 
481 0.000070 3679.000000 3666 3707 
491 0.000072 3773.000000 3759 3796 
501 0.000073 3859.000000 3840 3875 
511 0.000075 3954.000000 3939 3975 
521 0.000077 4045.000000 4021 4062 
531 0.000080 4149.000000 4130 4167 
541 0.000080 4244.000000 4231 4265 
551 0.000082 4311.000000 4291 4326 
561 0.000084 4426.000000 4407 4440 
571 0.000090 4507.000000 4495 4520 
581 0.000084 4610.000000 4601 4628 
591 0.000087 4700.000000 4680 4719 
601 0.000084 4804.000000 4762 4826 
611 0.000085 4892.000000 4873 4904 
621 0.000087 4987.000000 4980 5001 
631 0.000083 5088.000000 5063 5098 
641 0.000089 5191.000000 5160 5221 
651 0.000091 5263.000000 5225 5293 
661 0.000094 5371.000000 5350 5393 
671 0.000094 5481.000000 5456 5502 
681 0.000096 5571.000000 5558 5589 
691 0.000097 5665.000000 5655 5683 
701 0.000099 5759.000000 5730 5786 
711 0.000099 5860.000000 5833 5881 
721 0.000097 5957.000000 5936 5977 
731 0.000103 6053.000000 6036 6064 
741 0.000102 6143.000000 6129 6165 
751 0.000105 6252.000000 6231 6271 
761 0.000105 6337.000000 6320 6344 
771 0.000109 6426.000000 6415 6445 
781 0.000114 6533.000000 6510 6553 
791 0.000111 6642.000000 6630 6653 
801 0.000113 6733.000000 6711 6754 
811 0.000115 6828.000000 6817 6844 
821 0.000116 6926.000000 6909 6953 
831 0.000119 7030.000000 7021 7040 
841 0.000120 7137.000000 7114 7160 
851 0.000117 7213.000000 7194 7227 
861 0.000119 7323.000000 7306 7344 
871 0.000120 7423.000000 7405 7432 
881 0.000124 7523.000000 7510 7551 
891 0.000122 7621.000000 7587 7655 
901 0.000123 7731.000000 7724 7738 
911 0.000129 7827.000000 7808 7859 
921 0.000129 7918.000000 7907 7936 
931 0.000131 8012.000000 7987 8045 
941 0.000132 8113.000000 8098 8128 
951 0.000132 8223.000000 8217 8237 
961 0.000137 8313.000000 8300 8322 
971 0.000151 8419.000000 8406 8440 
981 0.000161 8517.000000 8512 8528 
991 0.000159 8614.000000 8593 8630 
