1 0.000001 0.000000 0 0 
3 0.000022 2.000000 2 3 
5 0.000005 7.000000 6 9 
7 0.000006 15.000000 11 19 
9 0.000007 17.000000 17 18 
11 0.000008 30.000000 25 40 
13 0.000009 35.000000 31 42 
15 0.000010 45.000000 37 53 
17 0.000012 60.000000 53 78 
19 0.000012 61.000000 55 68 
1 0.000001 0.000000 0 0 
3 0.000021 3.000000 3 3 
5 0.000004 6.000000 6 10 
7 0.000005 13.000000 12 16 
9 0.000007 19.000000 17 24 
11 0.000008 28.000000 26 34 
13 0.000009 38.000000 32 47 
15 0.000010 46.000000 41 58 
17 0.000012 57.000000 47 67 
19 0.000013 64.000000 59 77 
1 0.000000 0.000000 0 0 
11 0.000001 29.000000 27 37 
21 0.000002 72.000000 64 77 
31 0.000003 133.000000 113 175 
41 0.000004 195.000000 171 245 
51 0.000005 256.000000 221 307 
61 0.000007 329.000000 291 363 
71 0.000007 401.000000 364 462 
81 0.000008 502.000000 463 527 
91 0.000009 565.000000 518 615 
101 0.000011 665.000000 578 720 
111 0.000013 746.000000 657 849 
121 0.000013 757.000000 730 810 
131 0.000015 872.000000 805 1074 
141 0.000014 999.000000 914 1061 
151 0.000015 1058.000000 986 1153 
161 0.000015 1208.000000 1113 1272 
171 0.000018 1346.000000 1190 1626 
181 0.000019 1331.000000 1225 1413 
191 0.000019 1494.000000 1381 1707 
201 0.000020 1563.000000 1386 1728 
211 0.000022 1650.000000 1510 1785 
221 0.000020 1884.000000 1651 2079 
231 0.000021 1851.000000 1665 2135 
241 0.000022 2041.000000 1845 2392 
251 0.000022 2103.000000 2032 2178 
261 0.000023 2134.000000 1982 2232 
271 0.000024 2278.000000 2112 2616 
281 0.000025 2391.000000 2110 2922 
291 0.000026 2605.000000 2398 2805 
301 0.000027 2617.000000 2445 2736 
311 0.000028 2640.000000 2496 2746 
321 0.000044 3015.000000 2636 3438 
331 0.000029 2989.000000 2714 3260 
341 0.000029 3046.000000 2842 3341 
351 0.000031 3210.000000 3073 3417 
361 0.000031 3226.000000 3009 3487 
371 0.000032 3395.000000 3040 3560 
381 0.000032 3424.000000 3104 3726 
391 0.000033 3519.000000 3262 3709 
401 0.000034 3598.000000 3251 3956 
411 0.000035 3845.000000 3699 4016 
421 0.000041 3775.000000 3684 3916 
431 0.000037 4078.000000 3789 4583 
441 0.000037 4133.000000 3850 4387 
451 0.000038 4105.000000 3954 4257 
461 0.000039 4282.000000 4052 4499 
471 0.000041 4520.000000 4097 5274 
481 0.000043 4534.000000 4126 4957 
491 0.000042 4540.000000 4263 4744 
501 0.000044 4826.000000 4501 5013 
511 0.000044 4927.000000 4661 5269 
521 0.000045 5135.000000 4755 6043 
531 0.000047 5296.000000 4952 6050 
541 0.000047 5253.000000 5015 5583 
551 0.000046 5297.000000 5079 5525 
561 0.000051 5532.000000 5160 6324 
571 0.000048 5467.000000 5122 5951 
581 0.000049 5728.000000 5501 6406 
591 0.000049 5850.000000 5561 6222 
601 0.000050 5880.000000 5428 6119 
611 0.000053 6074.000000 5585 6575 
621 0.000051 6065.000000 5636 6295 
631 0.000052 6346.000000 5898 6711 
641 0.000053 6242.000000 5996 6524 
651 0.000055 6695.000000 6171 7141 
661 0.000055 6467.000000 6051 6937 
671 0.000062 6877.000000 6427 7358 
681 0.000058 6914.000000 6408 7357 
691 0.000059 7376.000000 6905 7869 
701 0.000059 7476.000000 6817 8309 
711 0.000062 7098.000000 6651 7619 
721 0.000061 7644.000000 6813 8130 
731 0.000061 7356.000000 6824 7870 
741 0.000062 7627.000000 7053 8191 
751 0.000064 7574.000000 7072 8441 
761 0.000064 7811.000000 7394 8386 
771 0.000074 8276.000000 8020 8626 
781 0.000067 8256.000000 7559 8860 
791 0.000067 8509.000000 7973 8947 
801 0.000069 8347.000000 8050 9145 
811 0.000068 8613.000000 7655 9138 
821 0.000089 8662.000000 8368 9269 
831 0.000090 8977.000000 8832 9327 
841 0.000090 8828.000000 7950 9566 
851 0.000099 9102.000000 8627 10115 
861 0.000092 9039.000000 8616 9301 
871 0.000103 9164.000000 9036 9363 
881 0.000097 9320.000000 9197 9605 
891 0.000099 10009.000000 8978 11446 
901 0.000099 9624.000000 9377 10041 
911 0.000108 10121.000000 9474 10626 
921 0.000109 10065.000000 9394 10434 
931 0.000103 10046.000000 9376 11012 
941 0.000103 10380.000000 9399 10992 
951 0.000107 10468.000000 9840 11297 
961 0.000107 10388.000000 9753 11832 
971 0.000107 10071.000000 9585 10955 
981 0.000122 10920.000000 9970 12059 
991 0.000109 10978.000000 10552 11516 
