1 0.000107 0.000000 0 0 
3 0.000519 2.000000 2 3 
5 0.000004 6.000000 6 8 
7 0.000005 13.000000 12 16 
9 0.000007 22.000000 18 28 
11 0.000008 28.000000 23 35 
13 0.000009 35.000000 30 40 
15 0.000011 49.000000 41 57 
17 0.000014 53.000000 46 61 
19 0.000017 66.000000 58 78 
1 0.000102 0.000000 0 0 
3 0.000513 2.000000 2 3 
5 0.000005 6.000000 6 8 
7 0.000006 13.000000 12 15 
9 0.000008 19.000000 16 24 
11 0.000007 25.000000 22 31 
13 0.000009 35.000000 29 40 
15 0.000010 50.000000 43 60 
17 0.000011 54.000000 44 61 
19 0.000013 67.000000 58 76 
