1 0.000001 0.000000 0 0 
3 0.000057 8.000000 5 9 
5 0.000005 16.000000 15 22 
7 0.000006 26.000000 23 33 
9 0.000007 39.000000 31 45 
11 0.000008 49.000000 44 63 
13 0.000011 69.000000 58 80 
15 0.000011 77.000000 70 91 
17 0.000012 89.000000 79 100 
19 0.000013 98.000000 93 113 
1 0.000001 0.000000 0 0 
3 0.000057 7.000000 5 9 
5 0.000004 15.000000 12 18 
7 0.000006 26.000000 23 30 
9 0.000007 38.000000 34 49 
11 0.000011 49.000000 44 55 
13 0.000009 61.000000 51 68 
15 0.000011 77.000000 63 92 
17 0.000012 85.000000 74 92 
19 0.000014 107.000000 98 117 
1 0.000000 0.000000 0 0 
11 0.000001 39.000000 34 45 
21 0.000003 99.000000 93 105 
31 0.000002 157.000000 150 166 
41 0.000002 238.000000 225 262 
51 0.000005 299.000000 294 310 
61 0.000006 383.000000 371 398 
71 0.000006 459.000000 431 489 
81 0.000007 531.000000 503 558 
91 0.000006 645.000000 620 674 
101 0.000006 709.000000 672 795 
111 0.000007 802.000000 780 828 
121 0.000008 928.000000 871 1058 
131 0.000008 964.000000 925 995 
141 0.000009 1098.000000 1054 1173 
151 0.000010 1162.000000 1121 1208 
161 0.000011 1276.000000 1232 1301 
171 0.000011 1361.000000 1317 1411 
181 0.000012 1487.000000 1462 1502 
191 0.000013 1517.000000 1455 1549 
201 0.000014 1608.000000 1579 1644 
211 0.000015 1783.000000 1685 1932 
221 0.000015 1832.000000 1761 1932 
231 0.000016 1901.000000 1871 1939 
241 0.000017 2016.000000 1964 2043 
251 0.000017 2100.000000 2031 2180 
261 0.000018 2238.000000 2196 2260 
271 0.000020 2469.000000 2244 2699 
281 0.000020 2572.000000 2428 2721 
291 0.000020 2506.000000 2419 2698 
301 0.000021 2630.000000 2590 2699 
311 0.000024 2818.000000 2653 3100 
321 0.000023 2881.000000 2766 3055 
331 0.000024 2914.000000 2845 3045 
341 0.000024 3096.000000 3000 3172 
351 0.000026 3218.000000 3042 3319 
361 0.000026 3427.000000 3278 3645 
371 0.000027 3379.000000 3246 3634 
381 0.000028 3489.000000 3435 3531 
391 0.000028 3572.000000 3457 3714 
401 0.000029 3733.000000 3662 3825 
411 0.000032 3873.000000 3688 4142 
421 0.000043 3909.000000 3828 3981 
431 0.000042 4107.000000 4035 4152 
441 0.000034 4163.000000 4023 4239 
451 0.000035 4221.000000 4058 4305 
461 0.000046 4324.000000 4278 4413 
471 0.000048 4505.000000 4364 4692 
481 0.000041 4588.000000 4457 4724 
491 0.000045 5050.000000 4769 5491 
501 0.000052 4896.000000 4707 5202 
511 0.000040 5091.000000 4877 5355 
521 0.000041 5110.000000 5025 5331 
531 0.000045 5164.000000 4964 5328 
541 0.000048 5385.000000 5157 5807 
551 0.000045 5349.000000 5235 5500 
561 0.000044 5457.000000 5265 5576 
571 0.000045 5731.000000 5515 6049 
581 0.000046 5793.000000 5502 6057 
591 0.000049 6059.000000 5831 6522 
601 0.000048 5913.000000 5819 6244 
611 0.000049 6104.000000 5848 6420 
621 0.000048 6150.000000 5972 6283 
631 0.000052 6490.000000 6152 7088 
641 0.000055 6488.000000 6219 6719 
651 0.000055 6567.000000 6369 6991 
661 0.000056 6671.000000 6414 6953 
671 0.000055 6750.000000 6626 6879 
681 0.000058 7114.000000 6873 7282 
691 0.000058 7039.000000 6798 7266 
701 0.000059 7294.000000 7030 7507 
711 0.000058 7282.000000 6989 7655 
721 0.000061 7451.000000 7268 7904 
731 0.000060 7564.000000 7373 7848 
741 0.000061 7788.000000 7347 8463 
751 0.000061 7586.000000 7448 7709 
761 0.000062 7962.000000 7718 8572 
771 0.000063 8029.000000 7836 8289 
781 0.000064 8237.000000 7947 8552 
791 0.000065 8130.000000 7875 8430 
801 0.000066 8668.000000 8384 9057 
811 0.000067 8536.000000 8206 8718 
821 0.000069 8845.000000 8450 9044 
831 0.000069 8832.000000 8687 8928 
841 0.000070 8816.000000 8635 9075 
851 0.000071 8953.000000 8608 9086 
861 0.000071 9252.000000 9104 9365 
871 0.000074 9345.000000 8947 9731 
881 0.000074 9369.000000 9046 9643 
891 0.000074 9369.000000 9049 9684 
901 0.000079 9490.000000 9227 9745 
911 0.000077 10002.000000 9639 10450 
921 0.000078 10018.000000 9904 10189 
931 0.000079 10128.000000 9812 10690 
941 0.000080 10328.000000 9851 10704 
951 0.000080 10133.000000 9875 10300 
961 0.000081 10216.000000 10173 10315 
971 0.000082 10331.000000 10053 10938 
981 0.000084 10662.000000 10335 10986 
991 0.000083 10769.000000 10348 11004 
