1 0.000141 1.000000 1 1 
2 0.000094 1.000000 1 2 
3 0.000002 2.000000 2 4 
4 0.000002 4.000000 4 7 
5 0.000002 7.000000 3 9 
6 0.000002 8.000000 5 12 
7 0.000004 12.000000 8 15 
8 0.000004 14.000000 9 17 
9 0.000003 21.000000 16 30 
10 0.000004 24.000000 20 30 
11 0.000007 26.000000 20 35 
12 0.000005 33.000000 28 46 
13 0.000005 34.000000 30 39 
14 0.000003 42.000000 36 51 
15 0.000004 49.000000 35 61 
16 0.000008 58.000000 45 74 
17 0.000004 61.000000 47 73 
18 0.000005 81.000000 50 110 
19 0.000006 95.000000 74 133 
20 0.000006 99.000000 73 109 
21 0.000012 105.000000 82 115 
22 0.000009 124.000000 91 139 
23 0.000010 127.000000 89 157 
24 0.000010 140.000000 135 148 
25 0.000011 158.000000 138 193 
26 0.000011 151.000000 129 170 
27 0.000012 180.000000 126 217 
28 0.000013 200.000000 182 212 
29 0.000014 230.000000 195 245 
30 0.000011 214.000000 187 264 
31 0.000013 220.000000 189 268 
32 0.000015 262.000000 227 297 
33 0.000014 285.000000 262 314 
34 0.000015 266.000000 218 311 
35 0.000017 308.000000 266 334 
36 0.000018 322.000000 283 380 
37 0.000018 319.000000 278 402 
38 0.000018 386.000000 332 445 
39 0.000017 365.000000 316 426 
40 0.000019 396.000000 375 430 
41 0.000025 427.000000 343 510 
42 0.000030 450.000000 423 488 
43 0.000027 428.000000 380 484 
44 0.000026 508.000000 479 541 
45 0.000024 493.000000 426 605 
46 0.000024 479.000000 427 569 
47 0.000028 575.000000 497 619 
48 0.000027 592.000000 562 626 
49 0.000026 580.000000 496 680 
50 0.000028 638.000000 579 674 
51 0.000028 632.000000 601 677 
52 0.000032 677.000000 608 745 
53 0.000030 681.000000 610 787 
54 0.000032 713.000000 669 815 
55 0.000034 770.000000 724 821 
56 0.000035 793.000000 659 912 
57 0.000034 774.000000 700 921 
58 0.000037 838.000000 772 910 
59 0.000036 825.000000 717 910 
60 0.000040 929.000000 851 987 
61 0.000046 966.000000 867 1069 
62 0.000043 1003.000000 866 1070 
63 0.000040 924.000000 818 1117 
64 0.000044 1020.000000 873 1160 
65 0.000043 999.000000 966 1041 
66 0.000046 1062.000000 883 1165 
67 0.000048 1110.000000 930 1181 
68 0.000049 1145.000000 994 1318 
69 0.000051 1166.000000 1064 1291 
70 0.000050 1155.000000 1043 1261 
71 0.000055 1287.000000 1225 1383 
72 0.000052 1195.000000 1066 1342 
73 0.000059 1382.000000 1258 1601 
74 0.000059 1379.000000 1240 1491 
75 0.000060 1414.000000 1286 1634 
76 0.000063 1485.000000 1408 1577 
77 0.000060 1411.000000 1259 1517 
78 0.000063 1480.000000 1423 1553 
79 0.000067 1590.000000 1546 1634 
80 0.000066 1558.000000 1374 1821 
81 0.000068 1600.000000 1505 1717 
82 0.000064 1508.000000 1375 1725 
83 0.000073 1733.000000 1645 1829 
84 0.000073 1737.000000 1673 1814 
85 0.000075 1793.000000 1672 1882 
86 0.000075 1764.000000 1548 2090 
87 0.000087 1964.000000 1796 2182 
88 0.000082 1978.000000 1925 2092 
89 0.000076 1813.000000 1675 1974 
90 0.000084 2015.000000 1777 2158 
91 0.000086 2051.000000 1875 2352 
92 0.000088 2102.000000 1929 2223 
93 0.000094 2241.000000 2118 2359 
94 0.000090 2164.000000 1899 2308 
95 0.000090 2164.000000 1789 2350 
96 0.000089 2141.000000 1842 2519 
97 0.000096 2305.000000 2037 2411 
98 0.000099 2389.000000 2120 2641 
99 0.000093 2220.000000 2155 2308 
100 0.000108 2613.000000 2179 2816 
101 0.000106 2555.000000 2273 2755 
102 0.000113 2615.000000 2414 2688 
103 0.000106 2554.000000 2441 2681 
104 0.000113 2730.000000 2591 2850 
105 0.000113 2740.000000 2489 2907 
106 0.000111 2694.000000 2431 2802 
107 0.000118 2858.000000 2579 3046 
108 0.000117 2844.000000 2605 3125 
109 0.000128 3110.000000 3017 3215 
110 0.000127 3094.000000 2942 3319 
111 0.000122 2960.000000 2643 3323 
112 0.000131 3204.000000 3035 3539 
113 0.000133 3234.000000 2908 3546 
114 0.000137 3316.000000 2808 3526 
115 0.000132 3225.000000 3052 3542 
116 0.000135 3301.000000 3101 3552 
117 0.000146 3583.000000 3357 3752 
118 0.000139 3262.000000 3110 3356 
119 0.000142 3466.000000 3179 3714 
120 0.000147 3588.000000 3393 3668 
121 0.000156 3716.000000 3615 3849 
122 0.000153 3602.000000 3363 3847 
123 0.000150 3675.000000 3543 4062 
124 0.000154 3779.000000 3434 4084 
125 0.000161 3824.000000 3196 4215 
126 0.000163 3993.000000 3722 4223 
127 0.000161 3961.000000 3369 4203 
128 0.000167 3958.000000 3579 4285 
129 0.000164 4022.000000 3754 4373 
130 0.000168 4094.000000 3595 4499 
131 0.000171 4189.000000 3708 4415 
132 0.000178 4374.000000 3730 4663 
133 0.000184 4510.000000 4311 4891 
134 0.000202 4462.000000 4214 4829 
135 0.000282 4627.000000 4442 4882 
136 0.000201 4679.000000 4446 4885 
137 0.000206 4534.000000 4271 5206 
138 0.000198 4782.000000 4509 5191 
139 0.000199 4867.000000 4541 5209 
140 0.000205 5047.000000 4841 5229 
141 0.000204 5032.000000 4728 5390 
142 0.000207 4985.000000 4515 5530 
143 0.000210 5175.000000 4897 5387 
144 0.000206 5085.000000 4901 5573 
145 0.000232 5083.000000 4949 5289 
146 0.000241 5630.000000 5325 5928 
147 0.000226 5256.000000 4979 5695 
148 0.000238 5535.000000 5416 5742 
149 0.000235 5497.000000 5193 5792 
150 0.000225 5575.000000 5182 5935 
151 0.000235 5843.000000 5478 6125 
152 0.000226 5528.000000 5082 6183 
153 0.000231 5717.000000 5380 6047 
154 0.000248 6002.000000 5786 6348 
155 0.000240 5943.000000 5531 6411 
156 0.000238 5896.000000 5124 6333 
157 0.000252 6258.000000 5758 6596 
158 0.000248 6141.000000 5836 6931 
159 0.000251 6087.000000 5621 6418 
160 0.000258 6386.000000 5875 7154 
161 0.000261 6364.000000 5762 6743 
162 0.000460 6652.000000 6248 6967 
163 0.000263 6497.000000 6068 7114 
164 0.000285 7078.000000 6703 7428 
165 0.000275 6705.000000 6343 7033 
166 0.000271 6727.000000 6480 6916 
167 0.000284 6920.000000 6482 7526 
168 0.000284 7062.000000 6920 7201 
169 0.000278 6775.000000 6622 7130 
170 0.000288 7159.000000 6503 7519 
171 0.000288 7013.000000 6567 7515 
172 0.000296 7343.000000 6556 8072 
173 0.000298 7278.000000 6957 7745 
174 0.000301 7502.000000 7169 7803 
175 0.000316 7751.000000 7185 8092 
176 0.000306 7626.000000 7188 7884 
177 0.000323 7930.000000 7453 8564 
178 0.000316 7875.000000 7422 8358 
179 0.000322 7911.000000 7461 8632 
180 0.000319 7944.000000 7800 8142 
181 0.000326 7999.000000 7693 8595 
182 0.000339 8462.000000 7881 8977 
183 0.000346 8373.000000 8136 8818 
184 0.000350 8573.000000 8167 8911 
185 0.000358 8949.000000 8652 9139 
186 0.000346 8517.000000 7729 8958 
187 0.000352 8673.000000 7964 9331 
188 0.000357 8780.000000 8430 9067 
189 0.000377 8806.000000 8145 9160 
190 0.000370 8881.000000 8503 9623 
191 0.000386 9530.000000 9106 10217 
192 0.000373 9308.000000 8599 10039 
193 0.000356 8869.000000 8080 9308 
194 0.000367 9031.000000 8467 9359 
195 0.000380 9495.000000 8888 10250 
196 0.000398 9843.000000 9217 10967 
197 0.000375 9383.000000 9176 9749 
198 0.000390 9736.000000 9262 10357 
199 0.000405 9866.000000 9181 10505 
200 0.000394 9854.000000 9348 10162 
